<?xml version="1.0" encoding="UTF-8"?>
<!-- Generated by org.testng.reporters.JUnitXMLReporter -->
<testsuite hostname="IN-IT1113" ignored="3" name="RegresssionTests" tests="2" failures="0" timestamp="20 Apr 2019 13:43:50 GMT" time="26.747" errors="0">
  <testcase name="clickOnGivenTextOnSearchBox" time="20.025" classname="com.qa.AmazonTestCases.ProductTest"/>
  <testcase name="clickOnShopByCategoryOption" time="1.948" classname="com.qa.AmazonTestCases.AmazonHomePageAfterSignInTest"/>
  <testcase name="printText" time="0.0" classname="com.qa.AmazonTestCases.ProductTest">
    <ignored/>
  </testcase> <!-- printText -->
  <testcase name="printtextInSignPage" time="0.0" classname="com.qa.AmazonTestCases.AmazonHomePageAfterSignInTest">
    <ignored/>
  </testcase> <!-- printtextInSignPage -->
  <testcase name="validateContentOnHomePage" time="0.0" classname="com.qa.AmazonTestCases.AmazonHomePageAfterSignInTest">
    <ignored/>
  </testcase> <!-- validateContentOnHomePage -->
</testsuite> <!-- RegresssionTests -->
