<?xml version="1.0" encoding="UTF-8"?>
<!-- Generated by org.testng.reporters.JUnitXMLReporter -->
<testsuite hostname="IN-IT1113" name="Test" tests="3" failures="0" timestamp="20 Apr 2019 12:46:25 GMT" time="0.098" errors="0">
  <testcase name="@BeforeClass setUpandInitialize" time="0.0" classname="com.qa.AmazonTestCases.AmazonHomePageAfterSignInTest">
    <failure type="java.lang.NullPointerException">
      <![CDATA[java.lang.NullPointerException
	at com.qa.AmazonTestCases.AmazonHomePageAfterSignInTest.setUpandInitialize(AmazonHomePageAfterSignInTest.java:32)
... Removed 24 stack frames]]>
    </failure>
  </testcase> <!-- @BeforeClass setUpandInitialize -->
  <testcase name="@BeforeClass initialzePageObjectsAndMethodsInLoginPage" time="0.0" classname="com.qa.AmazonTestCases.ProductTest">
    <failure type="java.lang.NullPointerException">
      <![CDATA[java.lang.NullPointerException
	at com.qa.AmazonTestCases.ProductTest.initialzePageObjectsAndMethodsInLoginPage(ProductTest.java:38)
... Removed 24 stack frames]]>
    </failure>
  </testcase> <!-- @BeforeClass initialzePageObjectsAndMethodsInLoginPage -->
  <testcase name="printtextInSignPage" time="0.005" classname="com.qa.AmazonTestCases.AmazonHomePageAfterSignInTest">
    <skipped/>
  </testcase> <!-- printtextInSignPage -->
  <testcase name="printText" time="0.008" classname="com.qa.AmazonTestCases.ProductTest">
    <skipped/>
  </testcase> <!-- printText -->
  <testcase name="validateContentOnHomePage" time="0.004" classname="com.qa.AmazonTestCases.AmazonHomePageAfterSignInTest">
    <skipped/>
  </testcase> <!-- validateContentOnHomePage -->
</testsuite> <!-- Test -->
