<?xml version="1.0" encoding="UTF-8"?>
<!-- Generated by org.testng.reporters.JUnitXMLReporter -->
<testsuite hostname="IN-IT1113" name="RegresssionTests" tests="2" failures="0" timestamp="20 Apr 2019 14:26:45 GMT" time="37.539" errors="0">
  <testcase name="clickOnShopByCategoryOption" time="0.136" classname="com.qa.AmazonTestCases.AmazonHomePageAfterSignInTest"/>
  <testcase name="clickOnGivenTextOnSearchBox" time="17.852" classname="com.qa.AmazonTestCases.ProductTest"/>
</testsuite> <!-- RegresssionTests -->
