<?xml version="1.0" encoding="UTF-8"?>
<testsuite xmlns:xsi="http://www.w3.org/2001/XMLSchema-instance" xsi:noNamespaceSchemaLocation="https://maven.apache.org/surefire/maven-surefire-plugin/xsd/surefire-test-report.xsd" name="TestSuite" time="45.25" tests="2" errors="0" skipped="0" failures="0">
  <properties>
[...]
</properties>
  <testcase name="clickOnShopByCategoryOption" classname="com.qa.AmazonTestCases.AmazonHomePageAfterSignInTest" time="0.14"/>
  <testcase name="clickOnGivenTextOnSearchBox" classname="com.qa.AmazonTestCases.ProductTest" time="17.855"/>
</testsuite>